*** Start analyzing build configuration ***
Auto-config - Scanning: C:\Users\beyondHDL\Desktop\MIPSTraining\GitRelease\TinyCPULab\Lab2\Src_release
Auto-config - VLOG: C:\Users\beyondHDL\Desktop\MIPSTraining\GitRelease\TinyCPULab\Lab2\Src_release
Auto-config - VHDL: C:\Users\beyondHDL\Desktop\MIPSTraining\GitRelease\TinyCPULab\Lab2\Src_release
Auto-config - Wrote:
    C:\Users\beyondHDL\Desktop\MIPSTraining\GitRelease\TinyCPULab\Lab2\Src_release\.dvt\default.build.auto.1
*** List of included argument files ***
    Build configuration file:  C:\Users\beyondHDL\Desktop\MIPSTraining\GitRelease\TinyCPULab\Lab2\Src_release\.dvt\default.build
    -f C:\Users\beyondHDL\Desktop\MIPSTraining\GitRelease\TinyCPULab\Lab2\Src_release\.dvt\default.build.auto.1
*** List of invocations ***
Invocation #1 +dvt_init+dvt in C:\Users\beyondHDL\Desktop\MIPSTraining\GitRelease\TinyCPULab\Lab2\Src_release\.dvt\default.build.auto.1 at line 9
*** Done analyzing build configuration [125 ms] ***
*** Start VHDL build ***
*** Done parsing [320.0 ms] ***
*** Total number of lines [0] ***
Performing post full build step 1 (VHDL - RU) [18 ms] ...
*** Done VHDL build [343 ms] ***
*** Start SystemVerilog build ***
*** Loading top files ***
Loading (1) C:\Users\beyondHDL\Desktop\MIPSTraining\GitRelease\TinyCPULab\Lab2\Src_release\defines.sv ...
Done C:\Users\beyondHDL\Desktop\MIPSTraining\GitRelease\TinyCPULab\Lab2\Src_release\defines.sv [70 ms, 155 lines, SystemVerilog_2012] ...
Loading (2) C:\Users\beyondHDL\Desktop\MIPSTraining\GitRelease\TinyCPULab\Lab2\Src_release\dm.sv ...
Done C:\Users\beyondHDL\Desktop\MIPSTraining\GitRelease\TinyCPULab\Lab2\Src_release\dm.sv [1 ms, 31 lines, SystemVerilog_2012] ...
Loading (3) C:\Users\beyondHDL\Desktop\MIPSTraining\GitRelease\TinyCPULab\Lab2\Src_release\hilo.sv ...
Done C:\Users\beyondHDL\Desktop\MIPSTraining\GitRelease\TinyCPULab\Lab2\Src_release\hilo.sv [2 ms, 28 lines, SystemVerilog_2012] ...
Loading (4) C:\Users\beyondHDL\Desktop\MIPSTraining\GitRelease\TinyCPULab\Lab2\Src_release\im.sv ...
Done C:\Users\beyondHDL\Desktop\MIPSTraining\GitRelease\TinyCPULab\Lab2\Src_release\im.sv [1 ms, 151 lines, SystemVerilog_2012] ...
Loading (5) C:\Users\beyondHDL\Desktop\MIPSTraining\GitRelease\TinyCPULab\Lab2\Src_release\minimips.sv ...
Done C:\Users\beyondHDL\Desktop\MIPSTraining\GitRelease\TinyCPULab\Lab2\Src_release\minimips.sv [12 ms, 355 lines, SystemVerilog_2012] ...
Loading (6) C:\Users\beyondHDL\Desktop\MIPSTraining\GitRelease\TinyCPULab\Lab2\Src_release\minimips_tb.sv ...
Done C:\Users\beyondHDL\Desktop\MIPSTraining\GitRelease\TinyCPULab\Lab2\Src_release\minimips_tb.sv [1 ms, 37 lines, SystemVerilog_2012] ...
Loading (7) C:\Users\beyondHDL\Desktop\MIPSTraining\GitRelease\TinyCPULab\Lab2\Src_release\regfile.sv ...
Done C:\Users\beyondHDL\Desktop\MIPSTraining\GitRelease\TinyCPULab\Lab2\Src_release\regfile.sv [3 ms, 49 lines, SystemVerilog_2012] ...
Loading (8) C:\Users\beyondHDL\Desktop\MIPSTraining\GitRelease\TinyCPULab\Lab2\Src_release\regs_exemem.sv ...
Done C:\Users\beyondHDL\Desktop\MIPSTraining\GitRelease\TinyCPULab\Lab2\Src_release\regs_exemem.sv [3 ms, 51 lines, SystemVerilog_2012] ...
Loading (9) C:\Users\beyondHDL\Desktop\MIPSTraining\GitRelease\TinyCPULab\Lab2\Src_release\regs_idexe.sv ...
Done C:\Users\beyondHDL\Desktop\MIPSTraining\GitRelease\TinyCPULab\Lab2\Src_release\regs_idexe.sv [1 ms, 61 lines, SystemVerilog_2012] ...
Loading (10) C:\Users\beyondHDL\Desktop\MIPSTraining\GitRelease\TinyCPULab\Lab2\Src_release\regs_ifid.sv ...
Done C:\Users\beyondHDL\Desktop\MIPSTraining\GitRelease\TinyCPULab\Lab2\Src_release\regs_ifid.sv [1 ms, 25 lines, SystemVerilog_2012] ...
Loading (11) C:\Users\beyondHDL\Desktop\MIPSTraining\GitRelease\TinyCPULab\Lab2\Src_release\regs_memwb.sv ...
Done C:\Users\beyondHDL\Desktop\MIPSTraining\GitRelease\TinyCPULab\Lab2\Src_release\regs_memwb.sv [2 ms, 52 lines, SystemVerilog_2012] ...
Loading (12) C:\Users\beyondHDL\Desktop\MIPSTraining\GitRelease\TinyCPULab\Lab2\Src_release\stage_exe.sv ...
Done C:\Users\beyondHDL\Desktop\MIPSTraining\GitRelease\TinyCPULab\Lab2\Src_release\stage_exe.sv [6 ms, 84 lines, SystemVerilog_2012] ...
Loading (13) C:\Users\beyondHDL\Desktop\MIPSTraining\GitRelease\TinyCPULab\Lab2\Src_release\stage_id.sv ...
Done C:\Users\beyondHDL\Desktop\MIPSTraining\GitRelease\TinyCPULab\Lab2\Src_release\stage_id.sv [16 ms, 354 lines, SystemVerilog_2012] ...
Loading (14) C:\Users\beyondHDL\Desktop\MIPSTraining\GitRelease\TinyCPULab\Lab2\Src_release\stage_if.sv ...
Done C:\Users\beyondHDL\Desktop\MIPSTraining\GitRelease\TinyCPULab\Lab2\Src_release\stage_if.sv [1 ms, 33 lines, SystemVerilog_2012] ...
Loading (15) C:\Users\beyondHDL\Desktop\MIPSTraining\GitRelease\TinyCPULab\Lab2\Src_release\stage_mem.sv ...
Done C:\Users\beyondHDL\Desktop\MIPSTraining\GitRelease\TinyCPULab\Lab2\Src_release\stage_mem.sv [3 ms, 74 lines, SystemVerilog_2012] ...
Loading (16) C:\Users\beyondHDL\Desktop\MIPSTraining\GitRelease\TinyCPULab\Lab2\Src_release\stage_wb.sv ...
Done C:\Users\beyondHDL\Desktop\MIPSTraining\GitRelease\TinyCPULab\Lab2\Src_release\stage_wb.sv [2 ms, 43 lines, SystemVerilog_2012] ...
*** Done parsing [LT 41.0 ms, PT 114.0 ms, SGT 9%, UGT 2%] ***
*** Total number of lines [1 583] ***
Performing post full build actions ...
Performing post full build step 1 (SRI) [0 ms] ...
Performing post full build step 2 (RI) [0 ms] ...
Performing post full build step 3 (RCP) [1 ms] ...
*** Done SystemVerilog build [130 ms] ***
*** Start mixed mode extension build ***
Performing mixed post full build step 1 (VHDL - RU) [5 ms] ...
Performing mixed post full build step 2 (VHDL - RT) [114 ms] ...
Performing mixed post full build step 3 (VHDL - RD) [6 ms] ...
Performing mixed post full build step 4 (VHDL - FSC) [57 ms] ...
Performing mixed post full build step 5 (VHDL - US) [1 ms] ...
Performing mixed post full build step 6 (VHDL - RPC) [0 ms] ...
Performing mixed post full build step 1 (Verilog - RI) [0 ms] ...
Performing mixed post full build step 2 (Verilog - RC) [0 ms] ...
Performing mixed post full build step 3 (Verilog - RPC) [22 ms] ...
Performing mixed post full build step 4 (Verilog - RD) [1 ms] ...
Performing mixed post full build step 5 (Verilog - FSC) [66 ms] ...
Performing mixed post full build step 6 (Verilog - EV) [65 ms] ...
Performing mixed post full build step 7 (Verilog - US) [62 ms] ...
*** Error: NON_EXISTING_TYPE: Non existing type 'imaddr_t'
    at line 7 in C:\Users\beyondHDL\Desktop\MIPSTraining\GitRelease\TinyCPULab\Lab2\Src_release\regs_ifid.sv [compile index 10]
*** Error: NON_EXISTING_TYPE: Non existing type 'imaddr_t'
    at line 8 in C:\Users\beyondHDL\Desktop\MIPSTraining\GitRelease\TinyCPULab\Lab2\Src_release\regs_ifid.sv [compile index 10]
*** Error: UNDECLARED_IDENTIFIER: Identifier 'cpu_clk_50M' is not declared
    at line 12 in C:\Users\beyondHDL\Desktop\MIPSTraining\GitRelease\TinyCPULab\Lab2\Src_release\regs_ifid.sv [compile index 10]
*** Error: UNDECLARED_IDENTIFIER: Identifier 'cpu_rst_n' is not declared
    at line 13 in C:\Users\beyondHDL\Desktop\MIPSTraining\GitRelease\TinyCPULab\Lab2\Src_release\regs_ifid.sv [compile index 10]
*** Done mixed mode extension build [450 ms] ***
*** Start adding/validating the DVT Auto-Linked resources ***
*** Done adding/validating the DVT Auto-Linked resources [2 ms] ***
*** Total build time [1s.050ms] ***
